{"/Users/annapeberdy/Desktop/SDC/reviews/db/index.js": {"path":"/Users/annapeberdy/Desktop/SDC/reviews/db/index.js","statementMap":{"0":{"start":{"line":2,"column":19},"end":{"line":2,"column":32}},"1":{"start":{"line":4,"column":15},"end":{"line":10,"column":2}},"2":{"start":{"line":11,"column":0},"end":{"line":11,"column":16}},"3":{"start":{"line":13,"column":0},"end":{"line":13,"column":24}}},"fnMap":{},"branchMap":{},"s":{"0":2,"1":2,"2":2,"3":2},"f":{},"b":{},"_coverageSchema":"1a1c01bbd47fc00a2c39e90264f33305004495a9","hash":"7fe03972be48d6bd685337fcd848bbb99ab8b0a0"}
,"/Users/annapeberdy/Desktop/SDC/reviews/models/index.js": {"path":"/Users/annapeberdy/Desktop/SDC/reviews/models/index.js","statementMap":{"0":{"start":{"line":1,"column":11},"end":{"line":1,"column":36}},"1":{"start":{"line":3,"column":0},"end":{"line":186,"column":1}},"2":{"start":{"line":6,"column":6},"end":{"line":27,"column":8}},"3":{"start":{"line":7,"column":19},"end":{"line":7,"column":60}},"4":{"start":{"line":8,"column":21},"end":{"line":8,"column":46}},"5":{"start":{"line":9,"column":8},"end":{"line":26,"column":9}},"6":{"start":{"line":10,"column":34},"end":{"line":10,"column":62}},"7":{"start":{"line":11,"column":30},"end":{"line":11,"column":32}},"8":{"start":{"line":12,"column":24},"end":{"line":12,"column":44}},"9":{"start":{"line":13,"column":10},"end":{"line":18,"column":11}},"10":{"start":{"line":13,"column":23},"end":{"line":13,"column":24}},"11":{"start":{"line":14,"column":27},"end":{"line":14,"column":40}},"12":{"start":{"line":15,"column":29},"end":{"line":15,"column":79}},"13":{"start":{"line":16,"column":31},"end":{"line":16,"column":41}},"14":{"start":{"line":17,"column":12},"end":{"line":17,"column":66}},"15":{"start":{"line":19,"column":23},"end":{"line":19,"column":55}},"16":{"start":{"line":20,"column":10},"end":{"line":22,"column":11}},"17":{"start":{"line":20,"column":23},"end":{"line":20,"column":24}},"18":{"start":{"line":21,"column":12},"end":{"line":21,"column":47}},"19":{"start":{"line":23,"column":10},"end":{"line":23,"column":26}},"20":{"start":{"line":25,"column":10},"end":{"line":25,"column":22}},"21":{"start":{"line":30,"column":6},"end":{"line":87,"column":8}},"22":{"start":{"line":32,"column":26},"end":{"line":32,"column":89}},"23":{"start":{"line":33,"column":27},"end":{"line":33,"column":39}},"24":{"start":{"line":35,"column":34},"end":{"line":35,"column":92}},"25":{"start":{"line":38,"column":23},"end":{"line":38,"column":69}},"26":{"start":{"line":41,"column":24},"end":{"line":41,"column":94}},"27":{"start":{"line":44,"column":8},"end":{"line":86,"column":9}},"28":{"start":{"line":45,"column":27},"end":{"line":45,"column":68}},"29":{"start":{"line":46,"column":34},"end":{"line":46,"column":106}},"30":{"start":{"line":47,"column":25},"end":{"line":47,"column":27}},"31":{"start":{"line":48,"column":10},"end":{"line":62,"column":11}},"32":{"start":{"line":48,"column":23},"end":{"line":48,"column":24}},"33":{"start":{"line":49,"column":39},"end":{"line":49,"column":51}},"34":{"start":{"line":50,"column":29},"end":{"line":50,"column":36}},"35":{"start":{"line":51,"column":12},"end":{"line":55,"column":13}},"36":{"start":{"line":52,"column":14},"end":{"line":52,"column":63}},"37":{"start":{"line":54,"column":14},"end":{"line":54,"column":61}},"38":{"start":{"line":56,"column":12},"end":{"line":60,"column":13}},"39":{"start":{"line":57,"column":14},"end":{"line":57,"column":51}},"40":{"start":{"line":59,"column":14},"end":{"line":59,"column":52}},"41":{"start":{"line":61,"column":12},"end":{"line":61,"column":72}},"42":{"start":{"line":63,"column":35},"end":{"line":63,"column":62}},"43":{"start":{"line":64,"column":10},"end":{"line":75,"column":11}},"44":{"start":{"line":64,"column":23},"end":{"line":64,"column":24}},"45":{"start":{"line":65,"column":12},"end":{"line":74,"column":13}},"46":{"start":{"line":66,"column":14},"end":{"line":73,"column":15}},"47":{"start":{"line":67,"column":16},"end":{"line":70,"column":17}},"48":{"start":{"line":72,"column":16},"end":{"line":72,"column":100}},"49":{"start":{"line":77,"column":10},"end":{"line":81,"column":11}},"50":{"start":{"line":78,"column":24},"end":{"line":78,"column":164}},"51":{"start":{"line":78,"column":89},"end":{"line":78,"column":94}},"52":{"start":{"line":79,"column":12},"end":{"line":79,"column":64}},"53":{"start":{"line":80,"column":12},"end":{"line":80,"column":64}},"54":{"start":{"line":83,"column":10},"end":{"line":83,"column":37}},"55":{"start":{"line":85,"column":10},"end":{"line":85,"column":24}},"56":{"start":{"line":90,"column":6},"end":{"line":124,"column":8}},"57":{"start":{"line":91,"column":26},"end":{"line":91,"column":181}},"58":{"start":{"line":92,"column":28},"end":{"line":92,"column":148}},"59":{"start":{"line":94,"column":25},"end":{"line":94,"column":77}},"60":{"start":{"line":95,"column":26},"end":{"line":95,"column":28}},"61":{"start":{"line":96,"column":29},"end":{"line":96,"column":31}},"62":{"start":{"line":98,"column":34},"end":{"line":98,"column":127}},"63":{"start":{"line":99,"column":36},"end":{"line":99,"column":38}},"64":{"start":{"line":100,"column":38},"end":{"line":100,"column":40}},"65":{"start":{"line":101,"column":8},"end":{"line":122,"column":9}},"66":{"start":{"line":102,"column":34},"end":{"line":102,"column":76}},"67":{"start":{"line":103,"column":10},"end":{"line":110,"column":11}},"68":{"start":{"line":104,"column":12},"end":{"line":108,"column":13}},"69":{"start":{"line":104,"column":25},"end":{"line":104,"column":26}},"70":{"start":{"line":105,"column":14},"end":{"line":105,"column":75}},"71":{"start":{"line":107,"column":14},"end":{"line":107,"column":68}},"72":{"start":{"line":109,"column":12},"end":{"line":109,"column":46}},"73":{"start":{"line":111,"column":10},"end":{"line":118,"column":11}},"74":{"start":{"line":112,"column":12},"end":{"line":116,"column":13}},"75":{"start":{"line":113,"column":14},"end":{"line":113,"column":100}},"76":{"start":{"line":115,"column":14},"end":{"line":115,"column":96}},"77":{"start":{"line":117,"column":12},"end":{"line":117,"column":55}},"78":{"start":{"line":119,"column":10},"end":{"line":119,"column":19}},"79":{"start":{"line":121,"column":10},"end":{"line":121,"column":21}},"80":{"start":{"line":127,"column":6},"end":{"line":137,"column":8}},"81":{"start":{"line":128,"column":26},"end":{"line":128,"column":90}},"82":{"start":{"line":129,"column":27},"end":{"line":129,"column":31}},"83":{"start":{"line":131,"column":8},"end":{"line":136,"column":9}},"84":{"start":{"line":132,"column":44},"end":{"line":132,"column":85}},"85":{"start":{"line":133,"column":10},"end":{"line":133,"column":20}},"86":{"start":{"line":135,"column":10},"end":{"line":135,"column":21}},"87":{"start":{"line":140,"column":6},"end":{"line":150,"column":8}},"88":{"start":{"line":141,"column":25},"end":{"line":141,"column":77}},"89":{"start":{"line":142,"column":26},"end":{"line":142,"column":30}},"90":{"start":{"line":144,"column":8},"end":{"line":149,"column":9}},"91":{"start":{"line":145,"column":33},"end":{"line":145,"column":72}},"92":{"start":{"line":146,"column":10},"end":{"line":146,"column":19}},"93":{"start":{"line":148,"column":10},"end":{"line":148,"column":21}},"94":{"start":{"line":154,"column":4},"end":{"line":183,"column":6}},"95":{"start":{"line":155,"column":6},"end":{"line":182,"column":7}},"96":{"start":{"line":156,"column":40},"end":{"line":156,"column":100}},"97":{"start":{"line":157,"column":32},"end":{"line":157,"column":77}},"98":{"start":{"line":158,"column":34},"end":{"line":158,"column":45}},"99":{"start":{"line":159,"column":29},"end":{"line":159,"column":87}},"100":{"start":{"line":161,"column":30},"end":{"line":161,"column":32}},"101":{"start":{"line":162,"column":40},"end":{"line":162,"column":42}},"102":{"start":{"line":164,"column":8},"end":{"line":167,"column":9}},"103":{"start":{"line":164,"column":21},"end":{"line":164,"column":22}},"104":{"start":{"line":165,"column":19},"end":{"line":165,"column":57}},"105":{"start":{"line":166,"column":10},"end":{"line":166,"column":71}},"106":{"start":{"line":169,"column":35},"end":{"line":169,"column":77}},"107":{"start":{"line":171,"column":8},"end":{"line":177,"column":9}},"108":{"start":{"line":171,"column":21},"end":{"line":171,"column":22}},"109":{"start":{"line":172,"column":20},"end":{"line":172,"column":51}},"110":{"start":{"line":173,"column":10},"end":{"line":176,"column":11}},"111":{"start":{"line":179,"column":8},"end":{"line":179,"column":32}},"112":{"start":{"line":181,"column":8},"end":{"line":181,"column":19}}},"fnMap":{"0":{"name":"(anonymous_0)","decl":{"start":{"line":5,"column":16},"end":{"line":5,"column":17}},"loc":{"start":{"line":5,"column":57},"end":{"line":28,"column":5}},"line":5},"1":{"name":"(anonymous_1)","decl":{"start":{"line":6,"column":25},"end":{"line":6,"column":26}},"loc":{"start":{"line":6,"column":52},"end":{"line":27,"column":7}},"line":6},"2":{"name":"(anonymous_2)","decl":{"start":{"line":29,"column":17},"end":{"line":29,"column":18}},"loc":{"start":{"line":29,"column":39},"end":{"line":88,"column":5}},"line":29},"3":{"name":"(anonymous_3)","decl":{"start":{"line":30,"column":25},"end":{"line":30,"column":26}},"loc":{"start":{"line":30,"column":52},"end":{"line":87,"column":7}},"line":30},"4":{"name":"(anonymous_4)","decl":{"start":{"line":78,"column":79},"end":{"line":78,"column":80}},"loc":{"start":{"line":78,"column":89},"end":{"line":78,"column":94}},"line":78},"5":{"name":"(anonymous_5)","decl":{"start":{"line":89,"column":16},"end":{"line":89,"column":17}},"loc":{"start":{"line":89,"column":34},"end":{"line":125,"column":5}},"line":89},"6":{"name":"(anonymous_6)","decl":{"start":{"line":90,"column":25},"end":{"line":90,"column":26}},"loc":{"start":{"line":90,"column":52},"end":{"line":124,"column":7}},"line":90},"7":{"name":"(anonymous_7)","decl":{"start":{"line":126,"column":19},"end":{"line":126,"column":20}},"loc":{"start":{"line":126,"column":33},"end":{"line":138,"column":5}},"line":126},"8":{"name":"(anonymous_8)","decl":{"start":{"line":127,"column":25},"end":{"line":127,"column":26}},"loc":{"start":{"line":127,"column":52},"end":{"line":137,"column":7}},"line":127},"9":{"name":"(anonymous_9)","decl":{"start":{"line":139,"column":18},"end":{"line":139,"column":19}},"loc":{"start":{"line":139,"column":32},"end":{"line":151,"column":5}},"line":139},"10":{"name":"(anonymous_10)","decl":{"start":{"line":140,"column":25},"end":{"line":140,"column":26}},"loc":{"start":{"line":140,"column":52},"end":{"line":150,"column":7}},"line":140},"11":{"name":"(anonymous_11)","decl":{"start":{"line":153,"column":22},"end":{"line":153,"column":23}},"loc":{"start":{"line":153,"column":37},"end":{"line":184,"column":3}},"line":153},"12":{"name":"(anonymous_12)","decl":{"start":{"line":154,"column":23},"end":{"line":154,"column":24}},"loc":{"start":{"line":154,"column":50},"end":{"line":183,"column":5}},"line":154}},"branchMap":{"0":{"loc":{"start":{"line":51,"column":12},"end":{"line":55,"column":13}},"type":"if","locations":[{"start":{"line":51,"column":12},"end":{"line":55,"column":13}},{"start":{"line":51,"column":12},"end":{"line":55,"column":13}}],"line":51},"1":{"loc":{"start":{"line":56,"column":12},"end":{"line":60,"column":13}},"type":"if","locations":[{"start":{"line":56,"column":12},"end":{"line":60,"column":13}},{"start":{"line":56,"column":12},"end":{"line":60,"column":13}}],"line":56},"2":{"loc":{"start":{"line":66,"column":14},"end":{"line":73,"column":15}},"type":"if","locations":[{"start":{"line":66,"column":14},"end":{"line":73,"column":15}},{"start":{"line":66,"column":14},"end":{"line":73,"column":15}}],"line":66},"3":{"loc":{"start":{"line":103,"column":10},"end":{"line":110,"column":11}},"type":"if","locations":[{"start":{"line":103,"column":10},"end":{"line":110,"column":11}},{"start":{"line":103,"column":10},"end":{"line":110,"column":11}}],"line":103},"4":{"loc":{"start":{"line":111,"column":10},"end":{"line":118,"column":11}},"type":"if","locations":[{"start":{"line":111,"column":10},"end":{"line":118,"column":11}},{"start":{"line":111,"column":10},"end":{"line":118,"column":11}}],"line":111}},"s":{"0":2,"1":2,"2":2,"3":2,"4":2,"5":2,"6":2,"7":2,"8":2,"9":2,"10":2,"11":0,"12":0,"13":0,"14":0,"15":2,"16":2,"17":2,"18":0,"19":2,"20":0,"21":2,"22":2,"23":2,"24":2,"25":2,"26":2,"27":2,"28":2,"29":2,"30":2,"31":2,"32":2,"33":0,"34":0,"35":0,"36":0,"37":0,"38":0,"39":0,"40":0,"41":0,"42":2,"43":2,"44":2,"45":0,"46":0,"47":0,"48":0,"49":2,"50":0,"51":0,"52":0,"53":0,"54":2,"55":0,"56":2,"57":2,"58":2,"59":2,"60":2,"61":2,"62":2,"63":2,"64":2,"65":2,"66":2,"67":2,"68":2,"69":2,"70":6,"71":6,"72":2,"73":2,"74":1,"75":2,"76":2,"77":1,"78":2,"79":0,"80":2,"81":2,"82":2,"83":2,"84":2,"85":2,"86":0,"87":2,"88":2,"89":2,"90":2,"91":2,"92":2,"93":0,"94":0,"95":0,"96":0,"97":0,"98":0,"99":0,"100":0,"101":0,"102":0,"103":0,"104":0,"105":0,"106":0,"107":0,"108":0,"109":0,"110":0,"111":0,"112":0},"f":{"0":2,"1":2,"2":2,"3":2,"4":0,"5":2,"6":2,"7":2,"8":2,"9":2,"10":2,"11":0,"12":0},"b":{"0":[0,0],"1":[0,0],"2":[0,0],"3":[2,0],"4":[1,1]},"_coverageSchema":"1a1c01bbd47fc00a2c39e90264f33305004495a9","hash":"8f8d5bbd5dfdf198c3edae379f00e96342b8f3f5"}
,"/Users/annapeberdy/Desktop/SDC/reviews/server/index.js": {"path":"/Users/annapeberdy/Desktop/SDC/reviews/server/index.js","statementMap":{"0":{"start":{"line":1,"column":16},"end":{"line":1,"column":34}},"1":{"start":{"line":2,"column":12},"end":{"line":2,"column":21}},"2":{"start":{"line":3,"column":13},"end":{"line":3,"column":17}},"3":{"start":{"line":4,"column":24},"end":{"line":4,"column":53}},"4":{"start":{"line":6,"column":0},"end":{"line":6,"column":24}},"5":{"start":{"line":8,"column":0},"end":{"line":28,"column":3}},"6":{"start":{"line":9,"column":13},"end":{"line":9,"column":32}},"7":{"start":{"line":10,"column":14},"end":{"line":10,"column":34}},"8":{"start":{"line":11,"column":13},"end":{"line":11,"column":39}},"9":{"start":{"line":12,"column":19},"end":{"line":12,"column":39}},"10":{"start":{"line":13,"column":2},"end":{"line":27,"column":6}},"11":{"start":{"line":15,"column":6},"end":{"line":15,"column":57}},"12":{"start":{"line":16,"column":22},"end":{"line":21,"column":7}},"13":{"start":{"line":22,"column":6},"end":{"line":22,"column":26}},"14":{"start":{"line":25,"column":6},"end":{"line":25,"column":52}},"15":{"start":{"line":26,"column":6},"end":{"line":26,"column":26}},"16":{"start":{"line":30,"column":0},"end":{"line":41,"column":3}},"17":{"start":{"line":31,"column":19},"end":{"line":31,"column":39}},"18":{"start":{"line":32,"column":2},"end":{"line":40,"column":6}},"19":{"start":{"line":34,"column":6},"end":{"line":34,"column":59}},"20":{"start":{"line":35,"column":6},"end":{"line":35,"column":25}},"21":{"start":{"line":38,"column":6},"end":{"line":38,"column":54}},"22":{"start":{"line":39,"column":6},"end":{"line":39,"column":26}},"23":{"start":{"line":43,"column":0},"end":{"line":54,"column":3}},"24":{"start":{"line":44,"column":18},"end":{"line":44,"column":26}},"25":{"start":{"line":45,"column":2},"end":{"line":53,"column":6}},"26":{"start":{"line":47,"column":6},"end":{"line":47,"column":44}},"27":{"start":{"line":48,"column":6},"end":{"line":48,"column":25}},"28":{"start":{"line":51,"column":6},"end":{"line":51,"column":50}},"29":{"start":{"line":52,"column":6},"end":{"line":52,"column":26}},"30":{"start":{"line":56,"column":0},"end":{"line":67,"column":3}},"31":{"start":{"line":57,"column":11},"end":{"line":57,"column":31}},"32":{"start":{"line":58,"column":2},"end":{"line":66,"column":6}},"33":{"start":{"line":60,"column":6},"end":{"line":60,"column":52}},"34":{"start":{"line":61,"column":6},"end":{"line":61,"column":26}},"35":{"start":{"line":64,"column":6},"end":{"line":64,"column":57}},"36":{"start":{"line":65,"column":6},"end":{"line":65,"column":26}},"37":{"start":{"line":69,"column":0},"end":{"line":80,"column":3}},"38":{"start":{"line":70,"column":11},"end":{"line":70,"column":31}},"39":{"start":{"line":71,"column":2},"end":{"line":79,"column":6}},"40":{"start":{"line":73,"column":6},"end":{"line":73,"column":43}},"41":{"start":{"line":74,"column":6},"end":{"line":74,"column":26}},"42":{"start":{"line":77,"column":6},"end":{"line":77,"column":51}},"43":{"start":{"line":78,"column":6},"end":{"line":78,"column":26}},"44":{"start":{"line":86,"column":13},"end":{"line":88,"column":2}},"45":{"start":{"line":87,"column":2},"end":{"line":87,"column":38}},"46":{"start":{"line":89,"column":12},"end":{"line":100,"column":1}},"47":{"start":{"line":90,"column":2},"end":{"line":99,"column":5}},"48":{"start":{"line":91,"column":4},"end":{"line":98,"column":8}},"49":{"start":{"line":93,"column":8},"end":{"line":93,"column":52}},"50":{"start":{"line":94,"column":8},"end":{"line":94,"column":15}},"51":{"start":{"line":97,"column":8},"end":{"line":97,"column":55}},"52":{"start":{"line":102,"column":0},"end":{"line":105,"column":2}}},"fnMap":{"0":{"name":"(anonymous_0)","decl":{"start":{"line":8,"column":20},"end":{"line":8,"column":21}},"loc":{"start":{"line":8,"column":34},"end":{"line":28,"column":1}},"line":8},"1":{"name":"(anonymous_1)","decl":{"start":{"line":14,"column":10},"end":{"line":14,"column":11}},"loc":{"start":{"line":14,"column":24},"end":{"line":23,"column":5}},"line":14},"2":{"name":"(anonymous_2)","decl":{"start":{"line":24,"column":11},"end":{"line":24,"column":12}},"loc":{"start":{"line":24,"column":22},"end":{"line":27,"column":5}},"line":24},"3":{"name":"(anonymous_3)","decl":{"start":{"line":30,"column":21},"end":{"line":30,"column":22}},"loc":{"start":{"line":30,"column":35},"end":{"line":41,"column":1}},"line":30},"4":{"name":"(anonymous_4)","decl":{"start":{"line":33,"column":10},"end":{"line":33,"column":11}},"loc":{"start":{"line":33,"column":24},"end":{"line":36,"column":5}},"line":33},"5":{"name":"(anonymous_5)","decl":{"start":{"line":37,"column":11},"end":{"line":37,"column":12}},"loc":{"start":{"line":37,"column":22},"end":{"line":40,"column":5}},"line":37},"6":{"name":"(anonymous_6)","decl":{"start":{"line":43,"column":24},"end":{"line":43,"column":25}},"loc":{"start":{"line":43,"column":38},"end":{"line":54,"column":1}},"line":43},"7":{"name":"(anonymous_7)","decl":{"start":{"line":46,"column":10},"end":{"line":46,"column":11}},"loc":{"start":{"line":46,"column":24},"end":{"line":49,"column":5}},"line":46},"8":{"name":"(anonymous_8)","decl":{"start":{"line":50,"column":11},"end":{"line":50,"column":12}},"loc":{"start":{"line":50,"column":22},"end":{"line":53,"column":5}},"line":50},"9":{"name":"(anonymous_9)","decl":{"start":{"line":56,"column":39},"end":{"line":56,"column":40}},"loc":{"start":{"line":56,"column":53},"end":{"line":67,"column":1}},"line":56},"10":{"name":"(anonymous_10)","decl":{"start":{"line":59,"column":10},"end":{"line":59,"column":11}},"loc":{"start":{"line":59,"column":24},"end":{"line":62,"column":5}},"line":59},"11":{"name":"(anonymous_11)","decl":{"start":{"line":63,"column":11},"end":{"line":63,"column":12}},"loc":{"start":{"line":63,"column":22},"end":{"line":66,"column":5}},"line":63},"12":{"name":"(anonymous_12)","decl":{"start":{"line":69,"column":38},"end":{"line":69,"column":39}},"loc":{"start":{"line":69,"column":52},"end":{"line":80,"column":1}},"line":69},"13":{"name":"(anonymous_13)","decl":{"start":{"line":72,"column":10},"end":{"line":72,"column":11}},"loc":{"start":{"line":72,"column":24},"end":{"line":75,"column":5}},"line":72},"14":{"name":"(anonymous_14)","decl":{"start":{"line":76,"column":11},"end":{"line":76,"column":12}},"loc":{"start":{"line":76,"column":22},"end":{"line":79,"column":5}},"line":76},"15":{"name":"(anonymous_15)","decl":{"start":{"line":86,"column":30},"end":{"line":86,"column":31}},"loc":{"start":{"line":86,"column":36},"end":{"line":88,"column":1}},"line":86},"16":{"name":"(anonymous_16)","decl":{"start":{"line":89,"column":12},"end":{"line":89,"column":13}},"loc":{"start":{"line":89,"column":22},"end":{"line":100,"column":1}},"line":89},"17":{"name":"(anonymous_17)","decl":{"start":{"line":90,"column":15},"end":{"line":90,"column":16}},"loc":{"start":{"line":90,"column":21},"end":{"line":99,"column":3}},"line":90},"18":{"name":"(anonymous_18)","decl":{"start":{"line":92,"column":12},"end":{"line":92,"column":13}},"loc":{"start":{"line":92,"column":18},"end":{"line":95,"column":7}},"line":92},"19":{"name":"(anonymous_19)","decl":{"start":{"line":96,"column":13},"end":{"line":96,"column":14}},"loc":{"start":{"line":96,"column":24},"end":{"line":98,"column":7}},"line":96}},"branchMap":{"0":{"loc":{"start":{"line":9,"column":13},"end":{"line":9,"column":32}},"type":"binary-expr","locations":[{"start":{"line":9,"column":13},"end":{"line":9,"column":27}},{"start":{"line":9,"column":31},"end":{"line":9,"column":32}}],"line":9},"1":{"loc":{"start":{"line":10,"column":14},"end":{"line":10,"column":34}},"type":"binary-expr","locations":[{"start":{"line":10,"column":14},"end":{"line":10,"column":29}},{"start":{"line":10,"column":33},"end":{"line":10,"column":34}}],"line":10},"2":{"loc":{"start":{"line":11,"column":13},"end":{"line":11,"column":39}},"type":"binary-expr","locations":[{"start":{"line":11,"column":13},"end":{"line":11,"column":27}},{"start":{"line":11,"column":31},"end":{"line":11,"column":39}}],"line":11}},"s":{"0":1,"1":1,"2":1,"3":1,"4":1,"5":1,"6":1,"7":1,"8":1,"9":1,"10":1,"11":1,"12":1,"13":1,"14":0,"15":0,"16":1,"17":1,"18":1,"19":1,"20":1,"21":0,"22":0,"23":1,"24":1,"25":1,"26":1,"27":1,"28":0,"29":0,"30":1,"31":1,"32":1,"33":1,"34":1,"35":0,"36":0,"37":1,"38":1,"39":1,"40":1,"41":1,"42":0,"43":0,"44":1,"45":1,"46":1,"47":1,"48":1,"49":1,"50":1,"51":0,"52":1},"f":{"0":1,"1":1,"2":0,"3":1,"4":1,"5":0,"6":1,"7":1,"8":0,"9":1,"10":1,"11":0,"12":1,"13":1,"14":0,"15":1,"16":1,"17":1,"18":1,"19":0},"b":{"0":[1,1],"1":[1,1],"2":[1,1]},"_coverageSchema":"1a1c01bbd47fc00a2c39e90264f33305004495a9","hash":"b9893b0b8787a85ff890f26d70a0c2a3107a7eac"}
}
