TN:
SF:db/index.js
FNF:0
FNH:0
DA:2,2
DA:4,2
DA:11,2
DA:13,2
LF:4
LH:4
BRF:0
BRH:0
end_of_record
TN:
SF:models/index.js
FN:5,(anonymous_0)
FN:6,(anonymous_1)
FN:29,(anonymous_2)
FN:30,(anonymous_3)
FN:78,(anonymous_4)
FN:89,(anonymous_5)
FN:90,(anonymous_6)
FN:126,(anonymous_7)
FN:127,(anonymous_8)
FN:139,(anonymous_9)
FN:140,(anonymous_10)
FN:153,(anonymous_11)
FN:154,(anonymous_12)
FNF:13
FNH:10
FNDA:2,(anonymous_0)
FNDA:2,(anonymous_1)
FNDA:2,(anonymous_2)
FNDA:2,(anonymous_3)
FNDA:0,(anonymous_4)
FNDA:2,(anonymous_5)
FNDA:2,(anonymous_6)
FNDA:2,(anonymous_7)
FNDA:2,(anonymous_8)
FNDA:2,(anonymous_9)
FNDA:2,(anonymous_10)
FNDA:0,(anonymous_11)
FNDA:0,(anonymous_12)
DA:1,2
DA:3,2
DA:6,2
DA:7,2
DA:8,2
DA:9,2
DA:10,2
DA:11,2
DA:12,2
DA:13,2
DA:14,0
DA:15,0
DA:16,0
DA:17,0
DA:19,2
DA:20,2
DA:21,0
DA:23,2
DA:25,0
DA:30,2
DA:32,2
DA:33,2
DA:35,2
DA:38,2
DA:41,2
DA:44,2
DA:45,2
DA:46,2
DA:47,2
DA:48,2
DA:49,0
DA:50,0
DA:51,0
DA:52,0
DA:54,0
DA:56,0
DA:57,0
DA:59,0
DA:61,0
DA:63,2
DA:64,2
DA:65,0
DA:66,0
DA:67,0
DA:72,0
DA:77,2
DA:78,0
DA:79,0
DA:80,0
DA:83,2
DA:85,0
DA:90,2
DA:91,2
DA:92,2
DA:94,2
DA:95,2
DA:96,2
DA:98,2
DA:99,2
DA:100,2
DA:101,2
DA:102,2
DA:103,2
DA:104,2
DA:105,6
DA:107,6
DA:109,2
DA:111,2
DA:112,1
DA:113,2
DA:115,2
DA:117,1
DA:119,2
DA:121,0
DA:127,2
DA:128,2
DA:129,2
DA:131,2
DA:132,2
DA:133,2
DA:135,0
DA:140,2
DA:141,2
DA:142,2
DA:144,2
DA:145,2
DA:146,2
DA:148,0
DA:154,0
DA:155,0
DA:156,0
DA:157,0
DA:158,0
DA:159,0
DA:161,0
DA:162,0
DA:164,0
DA:165,0
DA:166,0
DA:169,0
DA:171,0
DA:172,0
DA:173,0
DA:179,0
DA:181,0
LF:105
LH:62
BRDA:51,0,0,0
BRDA:51,0,1,0
BRDA:56,1,0,0
BRDA:56,1,1,0
BRDA:66,2,0,0
BRDA:66,2,1,0
BRDA:103,3,0,2
BRDA:103,3,1,0
BRDA:111,4,0,1
BRDA:111,4,1,1
BRF:10
BRH:3
end_of_record
TN:
SF:server/index.js
FN:8,(anonymous_0)
FN:14,(anonymous_1)
FN:24,(anonymous_2)
FN:30,(anonymous_3)
FN:33,(anonymous_4)
FN:37,(anonymous_5)
FN:43,(anonymous_6)
FN:46,(anonymous_7)
FN:50,(anonymous_8)
FN:56,(anonymous_9)
FN:59,(anonymous_10)
FN:63,(anonymous_11)
FN:69,(anonymous_12)
FN:72,(anonymous_13)
FN:76,(anonymous_14)
FN:86,(anonymous_15)
FN:89,(anonymous_16)
FN:90,(anonymous_17)
FN:92,(anonymous_18)
FN:96,(anonymous_19)
FNF:20
FNH:14
FNDA:1,(anonymous_0)
FNDA:1,(anonymous_1)
FNDA:0,(anonymous_2)
FNDA:1,(anonymous_3)
FNDA:1,(anonymous_4)
FNDA:0,(anonymous_5)
FNDA:1,(anonymous_6)
FNDA:1,(anonymous_7)
FNDA:0,(anonymous_8)
FNDA:1,(anonymous_9)
FNDA:1,(anonymous_10)
FNDA:0,(anonymous_11)
FNDA:1,(anonymous_12)
FNDA:1,(anonymous_13)
FNDA:0,(anonymous_14)
FNDA:1,(anonymous_15)
FNDA:1,(anonymous_16)
FNDA:1,(anonymous_17)
FNDA:1,(anonymous_18)
FNDA:0,(anonymous_19)
DA:1,1
DA:2,1
DA:3,1
DA:4,1
DA:6,1
DA:8,1
DA:9,1
DA:10,1
DA:11,1
DA:12,1
DA:13,1
DA:15,1
DA:16,1
DA:22,1
DA:25,0
DA:26,0
DA:30,1
DA:31,1
DA:32,1
DA:34,1
DA:35,1
DA:38,0
DA:39,0
DA:43,1
DA:44,1
DA:45,1
DA:47,1
DA:48,1
DA:51,0
DA:52,0
DA:56,1
DA:57,1
DA:58,1
DA:60,1
DA:61,1
DA:64,0
DA:65,0
DA:69,1
DA:70,1
DA:71,1
DA:73,1
DA:74,1
DA:77,0
DA:78,0
DA:86,1
DA:87,1
DA:89,1
DA:90,1
DA:91,1
DA:93,1
DA:94,1
DA:97,0
DA:102,1
LF:53
LH:42
BRDA:9,0,0,1
BRDA:9,0,1,1
BRDA:10,1,0,1
BRDA:10,1,1,1
BRDA:11,2,0,1
BRDA:11,2,1,1
BRF:6
BRH:6
end_of_record
